Arguments: 
  /usr/local/bin/node /usr/share/yarn/bin/yarn.js add axios

PATH: 
  /home/andy/mongodb/mongodb-linux-x86_64-amazon-3.4.4/bin:/home/andy/Golang/bin:/usr/local/go/bin:/home/andy/bin:/home/andy/.local/bin:/usr/local/sbin:/usr/local/bin:/usr/sbin:/usr/bin:/sbin:/bin:/usr/games:/usr/local/games:/snap/bin:/usr/lib/jvm/java-8-oracle/bin:/usr/lib/jvm/java-8-oracle/db/bin:/usr/lib/jvm/java-8-oracle/jre/bin:/home/andy/Android/Sdk/bin:/home/andy/.config/composer/vendor/bin

Yarn version: 
  0.23.4

Node version: 
  7.10.0

Platform: 
  linux x64

npm manifest: 
  {
    "name": "react-complete-guide",
    "version": "0.1.0",
    "private": true,
    "dependencies": {
      "react": "^16.0.0",
      "react-dom": "^16.0.0",
      "react-scripts": "1.0.13"
    },
    "scripts": {
      "start": "react-scripts start",
      "build": "react-scripts build",
      "test": "react-scripts test --env=jsdom",
      "eject": "react-scripts eject"
    }
  }

yarn manifest: 
  No manifest

Lockfile: 
  No lockfile

Trace: 
  Error: EACCES: permission denied, mkdir '/home/andy/Desktop/src/react-playground/2018/react-complete/http/node_modules/aria-query/node_modules'
